This is pdfTeX, Version 3.141592653-2.6-1.40.22 (TeX Live 2021) (preloaded format=pdflatex 2021.6.8)  24 JUN 2024 14:27
entering extended mode
 restricted \write18 enabled.
 %&-line parsing enabled.
**theory-base-0.tex
(./theory-base-0.tex
LaTeX2e <2020-10-01> patch level 4
L3 programming layer <2021-02-18>
! Undefined control sequence.
l.1 \chapter
            {–¢–µ–æ—Ä–∏—è. –û—Å–Ω–æ–≤—ã.}
The control sequence at the end of the top line
of your error message was never \def'ed. If you have
misspelled it (e.g., `\hobx'), type `I' and the correct
spelling (e.g., `I\hbox'). Otherwise just continue,
and I'll forget about whatever was undefined.


! Package inputenc Error: Unicode character –¢ (U+0422)
(inputenc)                not set up for use with LaTeX.

See the inputenc package documentation for explanation.
Type  H <return>  for immediate help.
 ...                                              
                                                  
l.1 \chapter{–¢
               –µ–æ—Ä–∏—è. –û—Å–Ω–æ–≤—ã.}
You may provide a definition with
\DeclareUnicodeCharacter 


! Package inputenc Error: Unicode character –µ (U+0435)
(inputenc)                not set up for use with LaTeX.

See the inputenc package documentation for explanation.
Type  H <return>  for immediate help.
 ...                                              
                                                  
l.1 \chapter{–¢–µ
                 –æ—Ä–∏—è. –û—Å–Ω–æ–≤—ã.}
You may provide a definition with
\DeclareUnicodeCharacter 


! Package inputenc Error: Unicode character –æ (U+043E)
(inputenc)                not set up for use with LaTeX.

See the inputenc package documentation for explanation.
Type  H <return>  for immediate help.
 ...                                              
                                                  
l.1 \chapter{–¢–µ–æ
                   —Ä–∏—è. –û—Å–Ω–æ–≤—ã.}
You may provide a definition with
\DeclareUnicodeCharacter 


! Package inputenc Error: Unicode character —Ä (U+0440)
(inputenc)                not set up for use with LaTeX.

See the inputenc package documentation for explanation.
Type  H <return>  for immediate help.
 ...                                              
                                                  
l.1 \chapter{–¢–µ–æ—Ä
                     –∏—è. –û—Å–Ω–æ–≤—ã.}
You may provide a definition with
\DeclareUnicodeCharacter 


! Package inputenc Error: Unicode character –∏ (U+0438)
(inputenc)                not set up for use with LaTeX.

See the inputenc package documentation for explanation.
Type  H <return>  for immediate help.
 ...                                              
                                                  
l.1 \chapter{–¢–µ–æ—Ä–∏
                       —è. –û—Å–Ω–æ–≤—ã.}
You may provide a definition with
\DeclareUnicodeCharacter 


! Package inputenc Error: Unicode character —è (U+044F)
(inputenc)                not set up for use with LaTeX.

See the inputenc package documentation for explanation.
Type  H <return>  for immediate help.
 ...                                              
                                                  
l.1 \chapter{–¢–µ–æ—Ä–∏—è
                         . –û—Å–Ω–æ–≤—ã.}
You may provide a definition with
\DeclareUnicodeCharacter 


! LaTeX Error: Missing \begin{document}.

See the LaTeX manual or LaTeX Companion for explanation.
Type  H <return>  for immediate help.
 ...                                              
                                                  
l.1 \chapter{–¢–µ–æ—Ä–∏—è.
                           –û—Å–Ω–æ–≤—ã.}
You're in trouble here.  Try typing  <return>  to proceed.
If that doesn't work, type  X <return>  to quit.

Missing character: There is no . in font nullfont!

! Package inputenc Error: Unicode character –û (U+041E)
(inputenc)                not set up for use with LaTeX.

See the inputenc package documentation for explanation.
Type  H <return>  for immediate help.
 ...                                              
                                                  
l.1 \chapter{–¢–µ–æ—Ä–∏—è. –û
                             —Å–Ω–æ–≤—ã.}
You may provide a definition with
\DeclareUnicodeCharacter 


! Package inputenc Error: Unicode character —Å (U+0441)
(inputenc)                not set up for use with LaTeX.

See the inputenc package documentation for explanation.
Type  H <return>  for immediate help.
 ...                                              
                                                  
l.1 \chapter{–¢–µ–æ—Ä–∏—è. –û—Å
                               –Ω–æ–≤—ã.}
You may provide a definition with
\DeclareUnicodeCharacter 


! Package inputenc Error: Unicode character –Ω (U+043D)
(inputenc)                not set up for use with LaTeX.

See the inputenc package documentation for explanation.
Type  H <return>  for immediate help.
 ...                                              
                                                  
l.1 \chapter{–¢–µ–æ—Ä–∏—è. –û—Å–Ω
                                 –æ–≤—ã.}
You may provide a definition with
\DeclareUnicodeCharacter 


! Package inputenc Error: Unicode character –æ (U+043E)
(inputenc)                not set up for use with LaTeX.

See the inputenc package documentation for explanation.
Type  H <return>  for immediate help.
 ...                                              
                                                  
l.1 \chapter{–¢–µ–æ—Ä–∏—è. –û—Å–Ω–æ
                                   –≤—ã.}
You may provide a definition with
\DeclareUnicodeCharacter 


! Package inputenc Error: Unicode character –≤ (U+0432)
(inputenc)                not set up for use with LaTeX.

See the inputenc package documentation for explanation.
Type  H <return>  for immediate help.
 ...                                              
                                                  
l.1 \chapter{–¢–µ–æ—Ä–∏—è. –û—Å–Ω–æ–≤
                                     —ã.}
You may provide a definition with
\DeclareUnicodeCharacter 


! Package inputenc Error: Unicode character —ã (U+044B)
(inputenc)                not set up for use with LaTeX.

See the inputenc package documentation for explanation.
Type  H <return>  for immediate help.
 ...                                              
                                                  
l.1 \chapter{–¢–µ–æ—Ä–∏—è. –û—Å–Ω–æ–≤—ã
                                       .}
You may provide a definition with
\DeclareUnicodeCharacter 

Missing character: There is no . in font nullfont!

Overfull \hbox (20.0pt too wide) in paragraph at lines 1--3
[]
 []


! Package inputenc Error: Unicode character –î (U+0414)
(inputenc)                not set up for use with LaTeX.

See the inputenc package documentation for explanation.
Type  H <return>  for immediate help.
 ...                                              
                                                  
l.5 –î
      –∞–Ω–Ω—ã–π –¥–æ–∫—É–º–µ–Ω—Ç –Ω–µ –∑–∞—Ç—Ä–∞–≥–∏–≤–∞–µ—Ç —Ä–∞–∑–≤–∏—Ç–∏...

You may provide a definition with
\DeclareUnicodeCharacter 


! Package inputenc Error: Unicode character –∞ (U+0430)
(inputenc)                not set up for use with LaTeX.

See the inputenc package documentation for explanation.
Type  H <return>  for immediate help.
 ...                                              
                                                  
l.5 –î–∞
        –Ω–Ω—ã–π –¥–æ–∫—É–º–µ–Ω—Ç –Ω–µ –∑–∞—Ç—Ä–∞–≥–∏–≤–∞–µ—Ç —Ä–∞–∑–≤–∏—Ç–∏...

You may provide a definition with
\DeclareUnicodeCharacter 


! Package inputenc Error: Unicode character –Ω (U+043D)
(inputenc)                not set up for use with LaTeX.

See the inputenc package documentation for explanation.
Type  H <return>  for immediate help.
 ...                                              
                                                  
l.5 –î–∞–Ω
          –Ω—ã–π –¥–æ–∫—É–º–µ–Ω—Ç –Ω–µ –∑–∞—Ç—Ä–∞–≥–∏–≤–∞–µ—Ç —Ä–∞–∑–≤–∏—Ç–∏...

You may provide a definition with
\DeclareUnicodeCharacter 


! Package inputenc Error: Unicode character –Ω (U+043D)
(inputenc)                not set up for use with LaTeX.

See the inputenc package documentation for explanation.
Type  H <return>  for immediate help.
 ...                                              
                                                  
l.5 –î–∞–Ω–Ω
            —ã–π –¥–æ–∫—É–º–µ–Ω—Ç –Ω–µ –∑–∞—Ç—Ä–∞–≥–∏–≤–∞–µ—Ç —Ä–∞–∑–≤–∏—Ç–∏...

You may provide a definition with
\DeclareUnicodeCharacter 


! Package inputenc Error: Unicode character —ã (U+044B)
(inputenc)                not set up for use with LaTeX.

See the inputenc package documentation for explanation.
Type  H <return>  for immediate help.
 ...                                              
                                                  
l.5 –î–∞–Ω–Ω—ã
              –π –¥–æ–∫—É–º–µ–Ω—Ç –Ω–µ –∑–∞—Ç—Ä–∞–≥–∏–≤–∞–µ—Ç —Ä–∞–∑–≤–∏—Ç–∏...

You may provide a definition with
\DeclareUnicodeCharacter 


! Package inputenc Error: Unicode character –π (U+0439)
(inputenc)                not set up for use with LaTeX.

See the inputenc package documentation for explanation.
Type  H <return>  for immediate help.
 ...                                              
                                                  
l.5 –î–∞–Ω–Ω—ã–π
                 –¥–æ–∫—É–º–µ–Ω—Ç –Ω–µ –∑–∞—Ç—Ä–∞–≥–∏–≤–∞–µ—Ç —Ä–∞–∑–≤–∏—Ç–∏...

You may provide a definition with
\DeclareUnicodeCharacter 


! Package inputenc Error: Unicode character –¥ (U+0434)
(inputenc)                not set up for use with LaTeX.

See the inputenc package documentation for explanation.
Type  H <return>  for immediate help.
 ...                                              
                                                  
l.5 –î–∞–Ω–Ω—ã–π –¥
                   –æ–∫—É–º–µ–Ω—Ç –Ω–µ –∑–∞—Ç—Ä–∞–≥–∏–≤–∞–µ—Ç —Ä–∞–∑–≤–∏—Ç–∏...

You may provide a definition with
\DeclareUnicodeCharacter 


! Package inputenc Error: Unicode character –æ (U+043E)
(inputenc)                not set up for use with LaTeX.

See the inputenc package documentation for explanation.
Type  H <return>  for immediate help.
 ...                                              
                                                  
l.5 –î–∞–Ω–Ω—ã–π –¥–æ
                     –∫—É–º–µ–Ω—Ç –Ω–µ –∑–∞—Ç—Ä–∞–≥–∏–≤–∞–µ—Ç —Ä–∞–∑–≤–∏—Ç–∏...

You may provide a definition with
\DeclareUnicodeCharacter 


! Package inputenc Error: Unicode character –∫ (U+043A)
(inputenc)                not set up for use with LaTeX.

See the inputenc package documentation for explanation.
Type  H <return>  for immediate help.
 ...                                              
                                                  
l.5 –î–∞–Ω–Ω—ã–π –¥–æ–∫
                       —É–º–µ–Ω—Ç –Ω–µ –∑–∞—Ç—Ä–∞–≥–∏–≤–∞–µ—Ç —Ä–∞–∑–≤–∏—Ç–∏...

You may provide a definition with
\DeclareUnicodeCharacter 


! Package inputenc Error: Unicode character —É (U+0443)
(inputenc)                not set up for use with LaTeX.

See the inputenc package documentation for explanation.
Type  H <return>  for immediate help.
 ...                                              
                                                  
l.5 –î–∞–Ω–Ω—ã–π –¥–æ–∫—É
                         –º–µ–Ω—Ç –Ω–µ –∑–∞—Ç—Ä–∞–≥–∏–≤–∞–µ—Ç —Ä–∞–∑–≤–∏—Ç–∏...

You may provide a definition with
\DeclareUnicodeCharacter 


! Package inputenc Error: Unicode character –º (U+043C)
(inputenc)                not set up for use with LaTeX.

See the inputenc package documentation for explanation.
Type  H <return>  for immediate help.
 ...                                              
                                                  
l.5 –î–∞–Ω–Ω—ã–π –¥–æ–∫—É–º
                           –µ–Ω—Ç –Ω–µ –∑–∞—Ç—Ä–∞–≥–∏–≤–∞–µ—Ç —Ä–∞–∑–≤–∏—Ç–∏...

You may provide a definition with
\DeclareUnicodeCharacter 


! Package inputenc Error: Unicode character –µ (U+0435)
(inputenc)                not set up for use with LaTeX.

See the inputenc package documentation for explanation.
Type  H <return>  for immediate help.
 ...                                              
                                                  
l.5 –î–∞–Ω–Ω—ã–π –¥–æ–∫—É–º–µ
                             –Ω—Ç –Ω–µ –∑–∞—Ç—Ä–∞–≥–∏–≤–∞–µ—Ç —Ä–∞–∑–≤–∏—Ç–∏...

You may provide a definition with
\DeclareUnicodeCharacter 


! Package inputenc Error: Unicode character –Ω (U+043D)
(inputenc)                not set up for use with LaTeX.

See the inputenc package documentation for explanation.
Type  H <return>  for immediate help.
 ...                                              
                                                  
l.5 –î–∞–Ω–Ω—ã–π –¥–æ–∫—É–º–µ–Ω
                               —Ç –Ω–µ –∑–∞—Ç—Ä–∞–≥–∏–≤–∞–µ—Ç —Ä–∞–∑–≤–∏—Ç–∏...

You may provide a definition with
\DeclareUnicodeCharacter 


! Package inputenc Error: Unicode character —Ç (U+0442)
(inputenc)                not set up for use with LaTeX.

See the inputenc package documentation for explanation.
Type  H <return>  for immediate help.
 ...                                              
                                                  
l.5 –î–∞–Ω–Ω—ã–π –¥–æ–∫—É–º–µ–Ω—Ç
                                  –Ω–µ –∑–∞—Ç—Ä–∞–≥–∏–≤–∞–µ—Ç —Ä–∞–∑–≤–∏—Ç–∏...

You may provide a definition with
\DeclareUnicodeCharacter 


! Package inputenc Error: Unicode character –Ω (U+043D)
(inputenc)                not set up for use with LaTeX.

See the inputenc package documentation for explanation.
Type  H <return>  for immediate help.
 ...                                              
                                                  
l.5 –î–∞–Ω–Ω—ã–π –¥–æ–∫—É–º–µ–Ω—Ç –Ω
                                    –µ –∑–∞—Ç—Ä–∞–≥–∏–≤–∞–µ—Ç —Ä–∞–∑–≤–∏—Ç–∏...

You may provide a definition with
\DeclareUnicodeCharacter 


! Package inputenc Error: Unicode character –µ (U+0435)
(inputenc)                not set up for use with LaTeX.

See the inputenc package documentation for explanation.
Type  H <return>  for immediate help.
 ...                                              
                                                  
l.5 –î–∞–Ω–Ω—ã–π –¥–æ–∫—É–º–µ–Ω—Ç –Ω–µ
                                       –∑–∞—Ç—Ä–∞–≥–∏–≤–∞–µ—Ç —Ä–∞–∑–≤–∏—Ç–∏...

You may provide a definition with
\DeclareUnicodeCharacter 


! Package inputenc Error: Unicode character –∑ (U+0437)
(inputenc)                not set up for use with LaTeX.

See the inputenc package documentation for explanation.
Type  H <return>  for immediate help.
 ...                                              
                                                  
l.5 –î–∞–Ω–Ω—ã–π –¥–æ–∫—É–º–µ–Ω—Ç –Ω–µ –∑
                                         –∞—Ç—Ä–∞–≥–∏–≤–∞–µ—Ç —Ä–∞–∑–≤–∏—Ç–∏...

You may provide a definition with
\DeclareUnicodeCharacter 


! Package inputenc Error: Unicode character –∞ (U+0430)
(inputenc)                not set up for use with LaTeX.

See the inputenc package documentation for explanation.
Type  H <return>  for immediate help.
 ...                                              
                                                  
l.5 –î–∞–Ω–Ω—ã–π –¥–æ–∫—É–º–µ–Ω—Ç –Ω–µ –∑–∞
                                           —Ç—Ä–∞–≥–∏–≤–∞–µ—Ç —Ä–∞–∑–≤–∏—Ç–∏...

You may provide a definition with
\DeclareUnicodeCharacter 


! Package inputenc Error: Unicode character —Ç (U+0442)
(inputenc)                not set up for use with LaTeX.

See the inputenc package documentation for explanation.
Type  H <return>  for immediate help.
 ...                                              
                                                  
l.5 –î–∞–Ω–Ω—ã–π –¥–æ–∫—É–º–µ–Ω—Ç –Ω–µ –∑–∞—Ç
                                             —Ä–∞–≥–∏–≤–∞–µ—Ç —Ä–∞–∑–≤–∏—Ç–∏...

You may provide a definition with
\DeclareUnicodeCharacter 


! Package inputenc Error: Unicode character —Ä (U+0440)
(inputenc)                not set up for use with LaTeX.

See the inputenc package documentation for explanation.
Type  H <return>  for immediate help.
 ...                                              
                                                  
l.5 –î–∞–Ω–Ω—ã–π –¥–æ–∫—É–º–µ–Ω—Ç –Ω–µ –∑–∞—Ç—Ä
                                               –∞–≥–∏–≤–∞–µ—Ç —Ä–∞–∑–≤–∏—Ç–∏...

You may provide a definition with
\DeclareUnicodeCharacter 


! Package inputenc Error: Unicode character –∞ (U+0430)
(inputenc)                not set up for use with LaTeX.

See the inputenc package documentation for explanation.
Type  H <return>  for immediate help.
 ...                                              
                                                  
l.5 –î–∞–Ω–Ω—ã–π –¥–æ–∫—É–º–µ–Ω—Ç –Ω–µ –∑–∞—Ç—Ä–∞
                                                 –≥–∏–≤–∞–µ—Ç —Ä–∞–∑–≤–∏—Ç–∏...

You may provide a definition with
\DeclareUnicodeCharacter 


! Package inputenc Error: Unicode character –≥ (U+0433)
(inputenc)                not set up for use with LaTeX.

See the inputenc package documentation for explanation.
Type  H <return>  for immediate help.
 ...                                              
                                                  
l.5 ...–Ω–Ω—ã–π –¥–æ–∫—É–º–µ–Ω—Ç –Ω–µ –∑–∞—Ç—Ä–∞–≥
                                                  –∏–≤–∞–µ—Ç —Ä–∞–∑–≤–∏—Ç–∏–...

You may provide a definition with
\DeclareUnicodeCharacter 


! Package inputenc Error: Unicode character –∏ (U+0438)
(inputenc)                not set up for use with LaTeX.

See the inputenc package documentation for explanation.
Type  H <return>  for immediate help.
 ...                                              
                                                  
l.5 ...–Ω—ã–π –¥–æ–∫—É–º–µ–Ω—Ç –Ω–µ –∑–∞—Ç—Ä–∞–≥–∏
                                                  –≤–∞–µ—Ç —Ä–∞–∑–≤–∏—Ç–∏–µ ...

You may provide a definition with
\DeclareUnicodeCharacter 


! Package inputenc Error: Unicode character –≤ (U+0432)
(inputenc)                not set up for use with LaTeX.

See the inputenc package documentation for explanation.
Type  H <return>  for immediate help.
 ...                                              
                                                  
l.5 ...—ã–π –¥–æ–∫—É–º–µ–Ω—Ç –Ω–µ –∑–∞—Ç—Ä–∞–≥–∏–≤
                                                  –∞–µ—Ç —Ä–∞–∑–≤–∏—Ç–∏–µ –º...

You may provide a definition with
\DeclareUnicodeCharacter 


! Package inputenc Error: Unicode character –∞ (U+0430)
(inputenc)                not set up for use with LaTeX.

See the inputenc package documentation for explanation.
Type  H <return>  for immediate help.
 ...                                              
                                                  
l.5 ...–π –¥–æ–∫—É–º–µ–Ω—Ç –Ω–µ –∑–∞—Ç—Ä–∞–≥–∏–≤–∞
                                                  –µ—Ç —Ä–∞–∑–≤–∏—Ç–∏–µ –º—ã...

You may provide a definition with
\DeclareUnicodeCharacter 


! Package inputenc Error: Unicode character –µ (U+0435)
(inputenc)                not set up for use with LaTeX.

See the inputenc package documentation for explanation.
Type  H <return>  for immediate help.
 ...                                              
                                                  
l.5 ... –¥–æ–∫—É–º–µ–Ω—Ç –Ω–µ –∑–∞—Ç—Ä–∞–≥–∏–≤–∞–µ
                                                  —Ç —Ä–∞–∑–≤–∏—Ç–∏–µ –º—ã—Å...

You may provide a definition with
\DeclareUnicodeCharacter 


! Package inputenc Error: Unicode character —Ç (U+0442)
(inputenc)                not set up for use with LaTeX.

See the inputenc package documentation for explanation.
Type  H <return>  for immediate help.
 ...                                              
                                                  
l.5 ...¥–æ–∫—É–º–µ–Ω—Ç –Ω–µ –∑–∞—Ç—Ä–∞–≥–∏–≤–∞–µ—Ç
                                                   —Ä–∞–∑–≤–∏—Ç–∏–µ –º—ã—Å–ª...

You may provide a definition with
\DeclareUnicodeCharacter 


! Package inputenc Error: Unicode character —Ä (U+0440)
(inputenc)                not set up for use with LaTeX.

See the inputenc package documentation for explanation.
Type  H <return>  for immediate help.
 ...                                              
                                                  
l.5 ...–∫—É–º–µ–Ω—Ç –Ω–µ –∑–∞—Ç—Ä–∞–≥–∏–≤–∞–µ—Ç —Ä
                                                  –∞–∑–≤–∏—Ç–∏–µ –º—ã—Å–ª–∏ ...

You may provide a definition with
\DeclareUnicodeCharacter 


! Package inputenc Error: Unicode character –∞ (U+0430)
(inputenc)                not set up for use with LaTeX.

See the inputenc package documentation for explanation.
Type  H <return>  for immediate help.
 ...                                              
                                                  
l.5 ...—É–º–µ–Ω—Ç –Ω–µ –∑–∞—Ç—Ä–∞–≥–∏–≤–∞–µ—Ç —Ä–∞
                                                  –∑–≤–∏—Ç–∏–µ –º—ã—Å–ª–∏ –≤...

You may provide a definition with
\DeclareUnicodeCharacter 


! Package inputenc Error: Unicode character –∑ (U+0437)
(inputenc)                not set up for use with LaTeX.

See the inputenc package documentation for explanation.
Type  H <return>  for immediate help.
 ...                                              
                                                  
l.5 ...–º–µ–Ω—Ç –Ω–µ –∑–∞—Ç—Ä–∞–≥–∏–≤–∞–µ—Ç —Ä–∞–∑
                                                  –≤–∏—Ç–∏–µ –º—ã—Å–ª–∏ –≤—Ä...

You may provide a definition with
\DeclareUnicodeCharacter 


! Package inputenc Error: Unicode character –≤ (U+0432)
(inputenc)                not set up for use with LaTeX.

See the inputenc package documentation for explanation.
Type  H <return>  for immediate help.
 ...                                              
                                                  
l.5 ...–µ–Ω—Ç –Ω–µ –∑–∞—Ç—Ä–∞–≥–∏–≤–∞–µ—Ç —Ä–∞–∑–≤
                                                  –∏—Ç–∏–µ –º—ã—Å–ª–∏ –≤—Ä–µ...

You may provide a definition with
\DeclareUnicodeCharacter 


! Package inputenc Error: Unicode character –∏ (U+0438)
(inputenc)                not set up for use with LaTeX.

See the inputenc package documentation for explanation.
Type  H <return>  for immediate help.
 ...                                              
                                                  
l.5 ...–Ω—Ç –Ω–µ –∑–∞—Ç—Ä–∞–≥–∏–≤–∞–µ—Ç —Ä–∞–∑–≤–∏
                                                  —Ç–∏–µ –º—ã—Å–ª–∏ –≤—Ä–µ–¥...

You may provide a definition with
\DeclareUnicodeCharacter 


! Package inputenc Error: Unicode character —Ç (U+0442)
(inputenc)                not set up for use with LaTeX.

See the inputenc package documentation for explanation.
Type  H <return>  for immediate help.
 ...                                              
                                                  
l.5 ...—Ç –Ω–µ –∑–∞—Ç—Ä–∞–≥–∏–≤–∞–µ—Ç —Ä–∞–∑–≤–∏—Ç
                                                  –∏–µ –º—ã—Å–ª–∏ –≤—Ä–µ–¥–æ...

You may provide a definition with
\DeclareUnicodeCharacter 


! Package inputenc Error: Unicode character –∏ (U+0438)
(inputenc)                not set up for use with LaTeX.

See the inputenc package documentation for explanation.
Type  H <return>  for immediate help.
 ...                                              
                                                  
l.5 ... –Ω–µ –∑–∞—Ç—Ä–∞–≥–∏–≤–∞–µ—Ç —Ä–∞–∑–≤–∏—Ç–∏
                                                  –µ –º—ã—Å–ª–∏ –≤—Ä–µ–¥–æ–Ω...

You may provide a definition with
\DeclareUnicodeCharacter 


! Package inputenc Error: Unicode character –µ (U+0435)
(inputenc)                not set up for use with LaTeX.

See the inputenc package documentation for explanation.
Type  H <return>  for immediate help.
 ...                                              
                                                  
l.5 ...Ω–µ –∑–∞—Ç—Ä–∞–≥–∏–≤–∞–µ—Ç —Ä–∞–∑–≤–∏—Ç–∏–µ
                                                   –º—ã—Å–ª–∏ –≤—Ä–µ–¥–æ–Ω–æ...

You may provide a definition with
\DeclareUnicodeCharacter 


! Package inputenc Error: Unicode character –º (U+043C)
(inputenc)                not set up for use with LaTeX.

See the inputenc package documentation for explanation.
Type  H <return>  for immediate help.
 ...                                              
                                                  
l.5 ... –∑–∞—Ç—Ä–∞–≥–∏–≤–∞–µ—Ç —Ä–∞–∑–≤–∏—Ç–∏–µ –º
                                                  —ã—Å–ª–∏ –≤—Ä–µ–¥–æ–Ω–æ—Å–...

You may provide a definition with
\DeclareUnicodeCharacter 


! Package inputenc Error: Unicode character —ã (U+044B)
(inputenc)                not set up for use with LaTeX.

See the inputenc package documentation for explanation.
Type  H <return>  for immediate help.
 ...                                              
                                                  
l.5 ...∑–∞—Ç—Ä–∞–≥–∏–≤–∞–µ—Ç —Ä–∞–∑–≤–∏—Ç–∏–µ –º—ã
                                                  —Å–ª–∏ –≤—Ä–µ–¥–æ–Ω–æ—Å–Ω–...

You may provide a definition with
\DeclareUnicodeCharacter 


! Package inputenc Error: Unicode character —Å (U+0441)
(inputenc)                not set up for use with LaTeX.

See the inputenc package documentation for explanation.
Type  H <return>  for immediate help.
 ...                                              
                                                  
l.5 ...∞—Ç—Ä–∞–≥–∏–≤–∞–µ—Ç —Ä–∞–∑–≤–∏—Ç–∏–µ –º—ã—Å
                                                  –ª–∏ –≤—Ä–µ–¥–æ–Ω–æ—Å–Ω–æ—...

You may provide a definition with
\DeclareUnicodeCharacter 


! Package inputenc Error: Unicode character –ª (U+043B)
(inputenc)                not set up for use with LaTeX.

See the inputenc package documentation for explanation.
Type  H <return>  for immediate help.
 ...                                              
                                                  
l.5 ...Ç—Ä–∞–≥–∏–≤–∞–µ—Ç —Ä–∞–∑–≤–∏—Ç–∏–µ –º—ã—Å–ª
                                                  –∏ –≤—Ä–µ–¥–æ–Ω–æ—Å–Ω–æ—Å—...

You may provide a definition with
\DeclareUnicodeCharacter 


! Package inputenc Error: Unicode character –∏ (U+0438)
(inputenc)                not set up for use with LaTeX.

See the inputenc package documentation for explanation.
Type  H <return>  for immediate help.
 ...                                              
                                                  
l.5 ...Ä–∞–≥–∏–≤–∞–µ—Ç —Ä–∞–∑–≤–∏—Ç–∏–µ –º—ã—Å–ª–∏
                                                   –≤—Ä–µ–¥–æ–Ω–æ—Å–Ω–æ—Å—Ç–...

You may provide a definition with
\DeclareUnicodeCharacter 


! Package inputenc Error: Unicode character –≤ (U+0432)
(inputenc)                not set up for use with LaTeX.

See the inputenc package documentation for explanation.
Type  H <return>  for immediate help.
 ...                                              
                                                  
l.5 ...–≥–∏–≤–∞–µ—Ç —Ä–∞–∑–≤–∏—Ç–∏–µ –º—ã—Å–ª–∏ –≤
                                                  —Ä–µ–¥–æ–Ω–æ—Å–Ω–æ—Å—Ç–∏ –...

You may provide a definition with
\DeclareUnicodeCharacter 


! Package inputenc Error: Unicode character —Ä (U+0440)
(inputenc)                not set up for use with LaTeX.

See the inputenc package documentation for explanation.
Type  H <return>  for immediate help.
 ...                                              
                                                  
l.5 ...–∏–≤–∞–µ—Ç —Ä–∞–∑–≤–∏—Ç–∏–µ –º—ã—Å–ª–∏ –≤—Ä
                                                  –µ–¥–æ–Ω–æ—Å–Ω–æ—Å—Ç–∏ –Ω–...

You may provide a definition with
\DeclareUnicodeCharacter 


! Package inputenc Error: Unicode character –µ (U+0435)
(inputenc)                not set up for use with LaTeX.

See the inputenc package documentation for explanation.
Type  H <return>  for immediate help.
 ...                                              
                                                  
l.5 ...–≤–∞–µ—Ç —Ä–∞–∑–≤–∏—Ç–∏–µ –º—ã—Å–ª–∏ –≤—Ä–µ
                                                  –¥–æ–Ω–æ—Å–Ω–æ—Å—Ç–∏ –Ω–µ–...

You may provide a definition with
\DeclareUnicodeCharacter 


! Package inputenc Error: Unicode character –¥ (U+0434)
(inputenc)                not set up for use with LaTeX.

See the inputenc package documentation for explanation.
Type  H <return>  for immediate help.
 ...                                              
                                                  
l.5 ...–∞–µ—Ç —Ä–∞–∑–≤–∏—Ç–∏–µ –º—ã—Å–ª–∏ –≤—Ä–µ–¥
                                                  –æ–Ω–æ—Å–Ω–æ—Å—Ç–∏ –Ω–µ–∫–...

You may provide a definition with
\DeclareUnicodeCharacter 


! Package inputenc Error: Unicode character –æ (U+043E)
(inputenc)                not set up for use with LaTeX.

See the inputenc package documentation for explanation.
Type  H <return>  for immediate help.
 ...                                              
                                                  
l.5 ...–µ—Ç —Ä–∞–∑–≤–∏—Ç–∏–µ –º—ã—Å–ª–∏ –≤—Ä–µ–¥–æ
                                                  –Ω–æ—Å–Ω–æ—Å—Ç–∏ –Ω–µ–∫–æ–...

You may provide a definition with
\DeclareUnicodeCharacter 


! Package inputenc Error: Unicode character –Ω (U+043D)
(inputenc)                not set up for use with LaTeX.

See the inputenc package documentation for explanation.
Type  H <return>  for immediate help.
 ...                                              
                                                  
l.5 ...—Ç —Ä–∞–∑–≤–∏—Ç–∏–µ –º—ã—Å–ª–∏ –≤—Ä–µ–¥–æ–Ω
                                                  –æ—Å–Ω–æ—Å—Ç–∏ –Ω–µ–∫–æ–Ω—...

You may provide a definition with
\DeclareUnicodeCharacter 


! Package inputenc Error: Unicode character –æ (U+043E)
(inputenc)                not set up for use with LaTeX.

See the inputenc package documentation for explanation.
Type  H <return>  for immediate help.
 ...                                              
                                                  
l.5 ... —Ä–∞–∑–≤–∏—Ç–∏–µ –º—ã—Å–ª–∏ –≤—Ä–µ–¥–æ–Ω–æ
                                                  —Å–Ω–æ—Å—Ç–∏ –Ω–µ–∫–æ–Ω—Ç—...

You may provide a definition with
\DeclareUnicodeCharacter 


! Package inputenc Error: Unicode character —Å (U+0441)
(inputenc)                not set up for use with LaTeX.

See the inputenc package documentation for explanation.
Type  H <return>  for immediate help.
 ...                                              
                                                  
l.5 ...Ä–∞–∑–≤–∏—Ç–∏–µ –º—ã—Å–ª–∏ –≤—Ä–µ–¥–æ–Ω–æ—Å
                                                  –Ω–æ—Å—Ç–∏ –Ω–µ–∫–æ–Ω—Ç—Ä–...

You may provide a definition with
\DeclareUnicodeCharacter 


! Package inputenc Error: Unicode character –Ω (U+043D)
(inputenc)                not set up for use with LaTeX.

See the inputenc package documentation for explanation.
Type  H <return>  for immediate help.
 ...                                              
                                                  
l.5 ...∞–∑–≤–∏—Ç–∏–µ –º—ã—Å–ª–∏ –≤—Ä–µ–¥–æ–Ω–æ—Å–Ω
                                                  –æ—Å—Ç–∏ –Ω–µ–∫–æ–Ω—Ç—Ä–æ–...

You may provide a definition with
\DeclareUnicodeCharacter 


! Package inputenc Error: Unicode character –æ (U+043E)
(inputenc)                not set up for use with LaTeX.

See the inputenc package documentation for explanation.
Type  H <return>  for immediate help.
 ...                                              
                                                  
l.5 ...∑–≤–∏—Ç–∏–µ –º—ã—Å–ª–∏ –≤—Ä–µ–¥–æ–Ω–æ—Å–Ω–æ
                                                  —Å—Ç–∏ –Ω–µ–∫–æ–Ω—Ç—Ä–æ–ª–...

You may provide a definition with
\DeclareUnicodeCharacter 


! Package inputenc Error: Unicode character —Å (U+0441)
(inputenc)                not set up for use with LaTeX.

See the inputenc package documentation for explanation.
Type  H <return>  for immediate help.
 ...                                              
                                                  
l.5 ...≤–∏—Ç–∏–µ –º—ã—Å–ª–∏ –≤—Ä–µ–¥–æ–Ω–æ—Å–Ω–æ—Å
                                                  —Ç–∏ –Ω–µ–∫–æ–Ω—Ç—Ä–æ–ª–∏—...

You may provide a definition with
\DeclareUnicodeCharacter 


! Package inputenc Error: Unicode character —Ç (U+0442)
(inputenc)                not set up for use with LaTeX.

See the inputenc package documentation for explanation.
Type  H <return>  for immediate help.
 ...                                              
                                                  
l.5 ...∏—Ç–∏–µ –º—ã—Å–ª–∏ –≤—Ä–µ–¥–æ–Ω–æ—Å–Ω–æ—Å—Ç
                                                  –∏ –Ω–µ–∫–æ–Ω—Ç—Ä–æ–ª–∏—Ä—...

You may provide a definition with
\DeclareUnicodeCharacter 


! Package inputenc Error: Unicode character –∏ (U+0438)
(inputenc)                not set up for use with LaTeX.

See the inputenc package documentation for explanation.
Type  H <return>  for immediate help.
 ...                                              
                                                  
l.5 ...Ç–∏–µ –º—ã—Å–ª–∏ –≤—Ä–µ–¥–æ–Ω–æ—Å–Ω–æ—Å—Ç–∏
                                                   –Ω–µ–∫–æ–Ω—Ç—Ä–æ–ª–∏—Ä—É–...

You may provide a definition with
\DeclareUnicodeCharacter 


! Package inputenc Error: Unicode character –Ω (U+043D)
(inputenc)                not set up for use with LaTeX.

See the inputenc package documentation for explanation.
Type  H <return>  for immediate help.
 ...                                              
                                                  
l.5 ...–µ –º—ã—Å–ª–∏ –≤—Ä–µ–¥–æ–Ω–æ—Å–Ω–æ—Å—Ç–∏ –Ω
                                                  –µ–∫–æ–Ω—Ç—Ä–æ–ª–∏—Ä—É–µ–º...

You may provide a definition with
\DeclareUnicodeCharacter 


! Package inputenc Error: Unicode character –µ (U+0435)
(inputenc)                not set up for use with LaTeX.

See the inputenc package documentation for explanation.
Type  H <return>  for immediate help.
 ...                                              
                                                  
l.5 ... –º—ã—Å–ª–∏ –≤—Ä–µ–¥–æ–Ω–æ—Å–Ω–æ—Å—Ç–∏ –Ω–µ
                                                  –∫–æ–Ω—Ç—Ä–æ–ª–∏—Ä—É–µ–º–æ...

You may provide a definition with
\DeclareUnicodeCharacter 


! Package inputenc Error: Unicode character –∫ (U+043A)
(inputenc)                not set up for use with LaTeX.

See the inputenc package documentation for explanation.
Type  H <return>  for immediate help.
 ...                                              
                                                  
l.5 ...º—ã—Å–ª–∏ –≤—Ä–µ–¥–æ–Ω–æ—Å–Ω–æ—Å—Ç–∏ –Ω–µ–∫
                                                  –æ–Ω—Ç—Ä–æ–ª–∏—Ä—É–µ–º–æ–≥...

You may provide a definition with
\DeclareUnicodeCharacter 


! Package inputenc Error: Unicode character –æ (U+043E)
(inputenc)                not set up for use with LaTeX.

See the inputenc package documentation for explanation.
Type  H <return>  for immediate help.
 ...                                              
                                                  
l.5 ...ã—Å–ª–∏ –≤—Ä–µ–¥–æ–Ω–æ—Å–Ω–æ—Å—Ç–∏ –Ω–µ–∫–æ
                                                  –Ω—Ç—Ä–æ–ª–∏—Ä—É–µ–º–æ–≥–æ...

You may provide a definition with
\DeclareUnicodeCharacter 


! Package inputenc Error: Unicode character –Ω (U+043D)
(inputenc)                not set up for use with LaTeX.

See the inputenc package documentation for explanation.
Type  H <return>  for immediate help.
 ...                                              
                                                  
l.5 ...Å–ª–∏ –≤—Ä–µ–¥–æ–Ω–æ—Å–Ω–æ—Å—Ç–∏ –Ω–µ–∫–æ–Ω
                                                  —Ç—Ä–æ–ª–∏—Ä—É–µ–º–æ–≥–æ —...

You may provide a definition with
\DeclareUnicodeCharacter 


! Package inputenc Error: Unicode character —Ç (U+0442)
(inputenc)                not set up for use with LaTeX.

See the inputenc package documentation for explanation.
Type  H <return>  for immediate help.
 ...                                              
                                                  
l.5 ...ª–∏ –≤—Ä–µ–¥–æ–Ω–æ—Å–Ω–æ—Å—Ç–∏ –Ω–µ–∫–æ–Ω—Ç
                                                  —Ä–æ–ª–∏—Ä—É–µ–º–æ–≥–æ —Å–...

You may provide a definition with
\DeclareUnicodeCharacter 


! Package inputenc Error: Unicode character —Ä (U+0440)
(inputenc)                not set up for use with LaTeX.

See the inputenc package documentation for explanation.
Type  H <return>  for immediate help.
 ...                                              
                                                  
l.5 ...∏ –≤—Ä–µ–¥–æ–Ω–æ—Å–Ω–æ—Å—Ç–∏ –Ω–µ–∫–æ–Ω—Ç—Ä
                                                  –æ–ª–∏—Ä—É–µ–º–æ–≥–æ —Å–æ–...

You may provide a definition with
\DeclareUnicodeCharacter 


! Package inputenc Error: Unicode character –æ (U+043E)
(inputenc)                not set up for use with LaTeX.

See the inputenc package documentation for explanation.
Type  H <return>  for immediate help.
 ...                                              
                                                  
l.5 ...–≤—Ä–µ–¥–æ–Ω–æ—Å–Ω–æ—Å—Ç–∏ –Ω–µ–∫–æ–Ω—Ç—Ä–æ
                                                  –ª–∏—Ä—É–µ–º–æ–≥–æ —Å–æ–∑–...

You may provide a definition with
\DeclareUnicodeCharacter 


! Package inputenc Error: Unicode character –ª (U+043B)
(inputenc)                not set up for use with LaTeX.

See the inputenc package documentation for explanation.
Type  H <return>  for immediate help.
 ...                                              
                                                  
l.5 ...—Ä–µ–¥–æ–Ω–æ—Å–Ω–æ—Å—Ç–∏ –Ω–µ–∫–æ–Ω—Ç—Ä–æ–ª
                                                  –∏—Ä—É–µ–º–æ–≥–æ —Å–æ–∑–¥–...

You may provide a definition with
\DeclareUnicodeCharacter 


! Package inputenc Error: Unicode character –∏ (U+0438)
(inputenc)                not set up for use with LaTeX.

See the inputenc package documentation for explanation.
Type  H <return>  for immediate help.
 ...                                              
                                                  
l.5 ...–µ–¥–æ–Ω–æ—Å–Ω–æ—Å—Ç–∏ –Ω–µ–∫–æ–Ω—Ç—Ä–æ–ª–∏
                                                  —Ä—É–µ–º–æ–≥–æ —Å–æ–∑–¥–∞–...

You may provide a definition with
\DeclareUnicodeCharacter 


! Package inputenc Error: Unicode character —Ä (U+0440)
(inputenc)                not set up for use with LaTeX.

See the inputenc package documentation for explanation.
Type  H <return>  for immediate help.
 ...                                              
                                                  
l.5 ...–¥–æ–Ω–æ—Å–Ω–æ—Å—Ç–∏ –Ω–µ–∫–æ–Ω—Ç—Ä–æ–ª–∏—Ä
                                                  —É–µ–º–æ–≥–æ —Å–æ–∑–¥–∞–Ω–...

You may provide a definition with
\DeclareUnicodeCharacter 


! Package inputenc Error: Unicode character —É (U+0443)
(inputenc)                not set up for use with LaTeX.

See the inputenc package documentation for explanation.
Type  H <return>  for immediate help.
 ...                                              
                                                  
l.5 ...–æ–Ω–æ—Å–Ω–æ—Å—Ç–∏ –Ω–µ–∫–æ–Ω—Ç—Ä–æ–ª–∏—Ä—É
                                                  –µ–º–æ–≥–æ —Å–æ–∑–¥–∞–Ω–∏—...

You may provide a definition with
\DeclareUnicodeCharacter 


! Package inputenc Error: Unicode character –µ (U+0435)
(inputenc)                not set up for use with LaTeX.

See the inputenc package documentation for explanation.
Type  H <return>  for immediate help.
 ...                                              
                                                  
l.5 ...–Ω–æ—Å–Ω–æ—Å—Ç–∏ –Ω–µ–∫–æ–Ω—Ç—Ä–æ–ª–∏—Ä—É–µ
                                                  –º–æ–≥–æ —Å–æ–∑–¥–∞–Ω–∏—è ...

You may provide a definition with
\DeclareUnicodeCharacter 


! Package inputenc Error: Unicode character –º (U+043C)
(inputenc)                not set up for use with LaTeX.

See the inputenc package documentation for explanation.
Type  H <return>  for immediate help.
 ...                                              
                                                  
l.5 ...–æ—Å–Ω–æ—Å—Ç–∏ –Ω–µ–∫–æ–Ω—Ç—Ä–æ–ª–∏—Ä—É–µ–º
                                                  –æ–≥–æ —Å–æ–∑–¥–∞–Ω–∏—è –ø...

You may provide a definition with
\DeclareUnicodeCharacter 


! Package inputenc Error: Unicode character –æ (U+043E)
(inputenc)                not set up for use with LaTeX.

See the inputenc package documentation for explanation.
Type  H <return>  for immediate help.
 ...                                              
                                                  
l.5 ...—Å–Ω–æ—Å—Ç–∏ –Ω–µ–∫–æ–Ω—Ç—Ä–æ–ª–∏—Ä—É–µ–º–æ
                                                  –≥–æ —Å–æ–∑–¥–∞–Ω–∏—è –ø—Ä...

You may provide a definition with
\DeclareUnicodeCharacter 


! Package inputenc Error: Unicode character –≥ (U+0433)
(inputenc)                not set up for use with LaTeX.

See the inputenc package documentation for explanation.
Type  H <return>  for immediate help.
 ...                                              
                                                  
l.5 ...–Ω–æ—Å—Ç–∏ –Ω–µ–∫–æ–Ω—Ç—Ä–æ–ª–∏—Ä—É–µ–º–æ–≥
                                                  –æ —Å–æ–∑–¥–∞–Ω–∏—è –ø—Ä–æ...

You may provide a definition with
\DeclareUnicodeCharacter 


! Package inputenc Error: Unicode character –æ (U+043E)
(inputenc)                not set up for use with LaTeX.

See the inputenc package documentation for explanation.
Type  H <return>  for immediate help.
 ...                                              
                                                  
l.5 ...–æ—Å—Ç–∏ –Ω–µ–∫–æ–Ω—Ç—Ä–æ–ª–∏—Ä—É–µ–º–æ–≥–æ
                                                   —Å–æ–∑–¥–∞–Ω–∏—è –ø—Ä–æ—Å...

You may provide a definition with
\DeclareUnicodeCharacter 


! Package inputenc Error: Unicode character —Å (U+0441)
(inputenc)                not set up for use with LaTeX.

See the inputenc package documentation for explanation.
Type  H <return>  for immediate help.
 ...                                              
                                                  
l.5 ...Å—Ç–∏ –Ω–µ–∫–æ–Ω—Ç—Ä–æ–ª–∏—Ä—É–µ–º–æ–≥–æ —Å
                                                  –æ–∑–¥–∞–Ω–∏—è –ø—Ä–æ—Å—Ç—...

You may provide a definition with
\DeclareUnicodeCharacter 


! Package inputenc Error: Unicode character –æ (U+043E)
(inputenc)                not set up for use with LaTeX.

See the inputenc package documentation for explanation.
Type  H <return>  for immediate help.
 ...                                              
                                                  
l.5 ...Ç–∏ –Ω–µ–∫–æ–Ω—Ç—Ä–æ–ª–∏—Ä—É–µ–º–æ–≥–æ —Å–æ
                                                  –∑–¥–∞–Ω–∏—è –ø—Ä–æ—Å—Ç—Ä–...

You may provide a definition with
\DeclareUnicodeCharacter 


! Package inputenc Error: Unicode character –∑ (U+0437)
(inputenc)                not set up for use with LaTeX.

See the inputenc package documentation for explanation.
Type  H <return>  for immediate help.
 ...                                              
                                                  
l.5 ...∏ –Ω–µ–∫–æ–Ω—Ç—Ä–æ–ª–∏—Ä—É–µ–º–æ–≥–æ —Å–æ–∑
                                                  –¥–∞–Ω–∏—è –ø—Ä–æ—Å—Ç—Ä–∞–...

You may provide a definition with
\DeclareUnicodeCharacter 


! Package inputenc Error: Unicode character –¥ (U+0434)
(inputenc)                not set up for use with LaTeX.

See the inputenc package documentation for explanation.
Type  H <return>  for immediate help.
 ...                                              
                                                  
l.5 ...–Ω–µ–∫–æ–Ω—Ç—Ä–æ–ª–∏—Ä—É–µ–º–æ–≥–æ —Å–æ–∑–¥
                                                  –∞–Ω–∏—è –ø—Ä–æ—Å—Ç—Ä–∞–Ω—...

You may provide a definition with
\DeclareUnicodeCharacter 


! Package inputenc Error: Unicode character –∞ (U+0430)
(inputenc)                not set up for use with LaTeX.

See the inputenc package documentation for explanation.
Type  H <return>  for immediate help.
 ...                                              
                                                  
l.5 ...–µ–∫–æ–Ω—Ç—Ä–æ–ª–∏—Ä—É–µ–º–æ–≥–æ —Å–æ–∑–¥–∞
                                                  –Ω–∏—è –ø—Ä–æ—Å—Ç—Ä–∞–Ω—Å—...

You may provide a definition with
\DeclareUnicodeCharacter 


! Package inputenc Error: Unicode character –Ω (U+043D)
(inputenc)                not set up for use with LaTeX.

See the inputenc package documentation for explanation.
Type  H <return>  for immediate help.
 ...                                              
                                                  
l.5 ...–∫–æ–Ω—Ç—Ä–æ–ª–∏—Ä—É–µ–º–æ–≥–æ —Å–æ–∑–¥–∞–Ω
                                                  –∏—è –ø—Ä–æ—Å—Ç—Ä–∞–Ω—Å—Ç–...

You may provide a definition with
\DeclareUnicodeCharacter 


! Package inputenc Error: Unicode character –∏ (U+0438)
(inputenc)                not set up for use with LaTeX.

See the inputenc package documentation for explanation.
Type  H <return>  for immediate help.
 ...                                              
                                                  
l.5 ...–æ–Ω—Ç—Ä–æ–ª–∏—Ä—É–µ–º–æ–≥–æ —Å–æ–∑–¥–∞–Ω–∏
                                                  —è –ø—Ä–æ—Å—Ç—Ä–∞–Ω—Å—Ç–≤ ...

You may provide a definition with
\DeclareUnicodeCharacter 


! Package inputenc Error: Unicode character —è (U+044F)
(inputenc)                not set up for use with LaTeX.

See the inputenc package documentation for explanation.
Type  H <return>  for immediate help.
 ...                                              
                                                  
l.5 ...–Ω—Ç—Ä–æ–ª–∏—Ä—É–µ–º–æ–≥–æ —Å–æ–∑–¥–∞–Ω–∏—è
                                                   –ø—Ä–æ—Å—Ç—Ä–∞–Ω—Å—Ç–≤ –ª...

You may provide a definition with
\DeclareUnicodeCharacter 


! Package inputenc Error: Unicode character –ø (U+043F)
(inputenc)                not set up for use with LaTeX.

See the inputenc package documentation for explanation.
Type  H <return>  for immediate help.
 ...                                              
                                                  
l.5 ...Ç—Ä–æ–ª–∏—Ä—É–µ–º–æ–≥–æ —Å–æ–∑–¥–∞–Ω–∏—è –ø
                                                  —Ä–æ—Å—Ç—Ä–∞–Ω—Å—Ç–≤ –ª—é–...

You may provide a definition with
\DeclareUnicodeCharacter 


! Package inputenc Error: Unicode character —Ä (U+0440)
(inputenc)                not set up for use with LaTeX.

See the inputenc package documentation for explanation.
Type  H <return>  for immediate help.
 ...                                              
                                                  
l.5 ...Ä–æ–ª–∏—Ä—É–µ–º–æ–≥–æ —Å–æ–∑–¥–∞–Ω–∏—è –ø—Ä
                                                  –æ—Å—Ç—Ä–∞–Ω—Å—Ç–≤ –ª—é–±—...

You may provide a definition with
\DeclareUnicodeCharacter 


! Package inputenc Error: Unicode character –æ (U+043E)
(inputenc)                not set up for use with LaTeX.

See the inputenc package documentation for explanation.
Type  H <return>  for immediate help.
 ...                                              
                                                  
l.5 ...æ–ª–∏—Ä—É–µ–º–æ–≥–æ —Å–æ–∑–¥–∞–Ω–∏—è –ø—Ä–æ
                                                  —Å—Ç—Ä–∞–Ω—Å—Ç–≤ –ª—é–±—ã–...

You may provide a definition with
\DeclareUnicodeCharacter 


! Package inputenc Error: Unicode character —Å (U+0441)
(inputenc)                not set up for use with LaTeX.

See the inputenc package documentation for explanation.
Type  H <return>  for immediate help.
 ...                                              
                                                  
l.5 ...ª–∏—Ä—É–µ–º–æ–≥–æ —Å–æ–∑–¥–∞–Ω–∏—è –ø—Ä–æ—Å
                                                  —Ç—Ä–∞–Ω—Å—Ç–≤ –ª—é–±—ã–º ...

You may provide a definition with
\DeclareUnicodeCharacter 


! Package inputenc Error: Unicode character —Ç (U+0442)
(inputenc)                not set up for use with LaTeX.

See the inputenc package documentation for explanation.
Type  H <return>  for immediate help.
 ...                                              
                                                  
l.5 ...∏—Ä—É–µ–º–æ–≥–æ —Å–æ–∑–¥–∞–Ω–∏—è –ø—Ä–æ—Å—Ç
                                                  —Ä–∞–Ω—Å—Ç–≤ –ª—é–±—ã–º –ø...

You may provide a definition with
\DeclareUnicodeCharacter 


! Package inputenc Error: Unicode character —Ä (U+0440)
(inputenc)                not set up for use with LaTeX.

See the inputenc package documentation for explanation.
Type  H <return>  for immediate help.
 ...                                              
                                                  
l.5 ...Ä—É–µ–º–æ–≥–æ —Å–æ–∑–¥–∞–Ω–∏—è –ø—Ä–æ—Å—Ç—Ä
                                                  –∞–Ω—Å—Ç–≤ –ª—é–±—ã–º –ø–æ...

You may provide a definition with
\DeclareUnicodeCharacter 


! Package inputenc Error: Unicode character –∞ (U+0430)
(inputenc)                not set up for use with LaTeX.

See the inputenc package documentation for explanation.
Type  H <return>  for immediate help.
 ...                                              
                                                  
l.5 ...É–µ–º–æ–≥–æ —Å–æ–∑–¥–∞–Ω–∏—è –ø—Ä–æ—Å—Ç—Ä–∞
                                                  –Ω—Å—Ç–≤ –ª—é–±—ã–º –ø–æ–ª...

You may provide a definition with
\DeclareUnicodeCharacter 


! Package inputenc Error: Unicode character –Ω (U+043D)
(inputenc)                not set up for use with LaTeX.

See the inputenc package documentation for explanation.
Type  H <return>  for immediate help.
 ...                                              
                                                  
l.5 ...µ–º–æ–≥–æ —Å–æ–∑–¥–∞–Ω–∏—è –ø—Ä–æ—Å—Ç—Ä–∞–Ω
                                                  —Å—Ç–≤ –ª—é–±—ã–º –ø–æ–ª—å...

You may provide a definition with
\DeclareUnicodeCharacter 


! Package inputenc Error: Unicode character —Å (U+0441)
(inputenc)                not set up for use with LaTeX.

See the inputenc package documentation for explanation.
Type  H <return>  for immediate help.
 ...                                              
                                                  
l.5 ...º–æ–≥–æ —Å–æ–∑–¥–∞–Ω–∏—è –ø—Ä–æ—Å—Ç—Ä–∞–Ω—Å
                                                  —Ç–≤ –ª—é–±—ã–º –ø–æ–ª—å–∑...

You may provide a definition with
\DeclareUnicodeCharacter 


! Package inputenc Error: Unicode character —Ç (U+0442)
(inputenc)                not set up for use with LaTeX.

See the inputenc package documentation for explanation.
Type  H <return>  for immediate help.
 ...                                              
                                                  
l.5 ...æ–≥–æ —Å–æ–∑–¥–∞–Ω–∏—è –ø—Ä–æ—Å—Ç—Ä–∞–Ω—Å—Ç
                                                  –≤ –ª—é–±—ã–º –ø–æ–ª—å–∑–æ...

You may provide a definition with
\DeclareUnicodeCharacter 


! Package inputenc Error: Unicode character –≤ (U+0432)
(inputenc)                not set up for use with LaTeX.

See the inputenc package documentation for explanation.
Type  H <return>  for immediate help.
 ...                                              
                                                  
l.5 ...≥–æ —Å–æ–∑–¥–∞–Ω–∏—è –ø—Ä–æ—Å—Ç—Ä–∞–Ω—Å—Ç–≤
                                                   –ª—é–±—ã–º –ø–æ–ª—å–∑–æ–≤...

You may provide a definition with
\DeclareUnicodeCharacter 


! Package inputenc Error: Unicode character –ª (U+043B)
(inputenc)                not set up for use with LaTeX.

See the inputenc package documentation for explanation.
Type  H <return>  for immediate help.
 ...                                              
                                                  
l.5 ... —Å–æ–∑–¥–∞–Ω–∏—è –ø—Ä–æ—Å—Ç—Ä–∞–Ω—Å—Ç–≤ –ª
                                                  —é–±—ã–º –ø–æ–ª—å–∑–æ–≤–∞—...

You may provide a definition with
\DeclareUnicodeCharacter 


! Package inputenc Error: Unicode character —é (U+044E)
(inputenc)                not set up for use with LaTeX.

See the inputenc package documentation for explanation.
Type  H <return>  for immediate help.
 ...                                              
                                                  
l.5 ...Å–æ–∑–¥–∞–Ω–∏—è –ø—Ä–æ—Å—Ç—Ä–∞–Ω—Å—Ç–≤ –ª—é
                                                  –±—ã–º –ø–æ–ª—å–∑–æ–≤–∞—Ç–...

You may provide a definition with
\DeclareUnicodeCharacter 


! Package inputenc Error: Unicode character –± (U+0431)
(inputenc)                not set up for use with LaTeX.

See the inputenc package documentation for explanation.
Type  H <return>  for immediate help.
 ...                                              
                                                  
l.5 ...æ–∑–¥–∞–Ω–∏—è –ø—Ä–æ—Å—Ç—Ä–∞–Ω—Å—Ç–≤ –ª—é–±
                                                  —ã–º –ø–æ–ª—å–∑–æ–≤–∞—Ç–µ–...

You may provide a definition with
\DeclareUnicodeCharacter 


! Package inputenc Error: Unicode character —ã (U+044B)
(inputenc)                not set up for use with LaTeX.

See the inputenc package documentation for explanation.
Type  H <return>  for immediate help.
 ...                                              
                                                  
l.5 ...∑–¥–∞–Ω–∏—è –ø—Ä–æ—Å—Ç—Ä–∞–Ω—Å—Ç–≤ –ª—é–±—ã
                                                  –º –ø–æ–ª—å–∑–æ–≤–∞—Ç–µ–ª–...

You may provide a definition with
\DeclareUnicodeCharacter 


! Package inputenc Error: Unicode character –º (U+043C)
(inputenc)                not set up for use with LaTeX.

See the inputenc package documentation for explanation.
Type  H <return>  for immediate help.
 ...                                              
                                                  
l.5 ...¥–∞–Ω–∏—è –ø—Ä–æ—Å—Ç—Ä–∞–Ω—Å—Ç–≤ –ª—é–±—ã–º
                                                   –ø–æ–ª—å–∑–æ–≤–∞—Ç–µ–ª–µ–...

You may provide a definition with
\DeclareUnicodeCharacter 


! Package inputenc Error: Unicode character –ø (U+043F)
(inputenc)                not set up for use with LaTeX.

See the inputenc package documentation for explanation.
Type  H <return>  for immediate help.
 ...                                              
                                                  
l.5 ...–Ω–∏—è –ø—Ä–æ—Å—Ç—Ä–∞–Ω—Å—Ç–≤ –ª—é–±—ã–º –ø
                                                  –æ–ª—å–∑–æ–≤–∞—Ç–µ–ª–µ–º, ...

You may provide a definition with
\DeclareUnicodeCharacter 


! Package inputenc Error: Unicode character –æ (U+043E)
(inputenc)                not set up for use with LaTeX.

See the inputenc package documentation for explanation.
Type  H <return>  for immediate help.
 ...                                              
                                                  
l.5 ...–∏—è –ø—Ä–æ—Å—Ç—Ä–∞–Ω—Å—Ç–≤ –ª—é–±—ã–º –ø–æ
                                                  –ª—å–∑–æ–≤–∞—Ç–µ–ª–µ–º, –ø...

You may provide a definition with
\DeclareUnicodeCharacter 


! Package inputenc Error: Unicode character –ª (U+043B)
(inputenc)                not set up for use with LaTeX.

See the inputenc package documentation for explanation.
Type  H <return>  for immediate help.
 ...                                              
                                                  
l.5 ...—è –ø—Ä–æ—Å—Ç—Ä–∞–Ω—Å—Ç–≤ –ª—é–±—ã–º –ø–æ–ª
                                                  —å–∑–æ–≤–∞—Ç–µ–ª–µ–º, –ø–æ...

You may provide a definition with
\DeclareUnicodeCharacter 


! Package inputenc Error: Unicode character —å (U+044C)
(inputenc)                not set up for use with LaTeX.

See the inputenc package documentation for explanation.
Type  H <return>  for immediate help.
 ...                                              
                                                  
l.5 ... –ø—Ä–æ—Å—Ç—Ä–∞–Ω—Å—Ç–≤ –ª—é–±—ã–º –ø–æ–ª—å
                                                  –∑–æ–≤–∞—Ç–µ–ª–µ–º, –ø–æ—ç...

You may provide a definition with
\DeclareUnicodeCharacter 


! Package inputenc Error: Unicode character –∑ (U+0437)
(inputenc)                not set up for use with LaTeX.

See the inputenc package documentation for explanation.
Type  H <return>  for immediate help.
 ...                                              
                                                  
l.5 ...ø—Ä–æ—Å—Ç—Ä–∞–Ω—Å—Ç–≤ –ª—é–±—ã–º –ø–æ–ª—å–∑
                                                  –æ–≤–∞—Ç–µ–ª–µ–º, –ø–æ—ç—Ç...

You may provide a definition with
\DeclareUnicodeCharacter 


! Package inputenc Error: Unicode character –æ (U+043E)
(inputenc)                not set up for use with LaTeX.

See the inputenc package documentation for explanation.
Type  H <return>  for immediate help.
 ...                                              
                                                  
l.5 ...Ä–æ—Å—Ç—Ä–∞–Ω—Å—Ç–≤ –ª—é–±—ã–º –ø–æ–ª—å–∑–æ
                                                  –≤–∞—Ç–µ–ª–µ–º, –ø–æ—ç—Ç–æ...
(That makes 100 errors; please try again.) 
Here is how much of TeX's memory you used:
 43 strings out of 478994
 741 string characters out of 5858185
 283044 words of memory out of 5000000
 17628 multiletter control sequences out of 15000+600000
 403430 words of font info for 27 fonts, out of 8000000 for 9000
 1141 hyphenation exceptions out of 8191
 13i,1n,15p,1106b,87s stack positions out of 5000i,500n,10000p,200000b,80000s

!  ==> Fatal error occurred, no output PDF file produced!
